/projectnb/mesaelm/arseneau/.conda/envs/structure/lib/python3.13/site-packages/numpy/_core/fromnumeric.py:57: FutureWarning: 'DataFrame.swapaxes' is deprecated and will be removed in a future version. Please use 'DataFrame.transpose' instead.
  return bound(*args, **kwds)
╭───────────────────── Traceback (most recent call last) ──────────────────────╮
│ /projectnb/mesaelm/arseneau/.conda/envs/structure/lib/python3.13/site-packag │
│ es/pyvo/dal/query.py:260 in execute_votable                                  │
│                                                                              │
│    257 │   │   DALQueryError                                                 │
│    258 │   │   """                                                           │
│    259 │   │   try:                                                          │
│ ❱  260 │   │   │   return votableparse(self.execute_stream(post=post).read)  │
│    261 │   │   except Exception as e:                                        │
│    262 │   │   │   self.raise_if_error()                                     │
│    263 │   │   │   raise DALFormatError(e, self.queryurl)                    │
│                                                                              │
│ ╭───────────────────────────────── locals ─────────────────────────────────╮ │
│ │ post = False                                                             │ │
│ │ self = {                                                                 │ │
│ │        │   'REQUEST': 'doQuery',                                         │ │
│ │        │   'LANG': 'ADQL',                                               │ │
│ │        │   'QUERY': 'select GaiaEDR3 as source_id, GmagCorr\n            │ │
│ │        from "J/MNRAS/508/3877/mainca'+105033                             │ │
│ │        }                                                                 │ │
│ ╰──────────────────────────────────────────────────────────────────────────╯ │
│                                                                              │
│ /projectnb/mesaelm/arseneau/.conda/envs/structure/lib/python3.13/site-packag │
│ es/astropy/io/votable/table.py:164 in parse                                  │
│                                                                              │
│   161 │   with iterparser.get_xml_iterator(                                  │
│   162 │   │   source, _debug_python_based_parser=_debug_python_based_parser  │
│   163 │   ) as iterator:                                                     │
│ ❱ 164 │   │   return tree.VOTableFile(config=config, pos=(1, 1)).parse(itera │
│   165                                                                        │
│   166                                                                        │
│   167 def parse_single_table(source, **kwargs):                              │
│                                                                              │
│ ╭───────────────────────────────── locals ─────────────────────────────────╮ │
│ │ _debug_python_based_parser = False                                       │ │
│ │                 chunk_size = 256                                         │ │
│ │                    columns = None                                        │ │
│ │                       conf = <astropy.io.votable.Conf object at          │ │
│ │                              0x14922e6063c0>                             │ │
│ │                     config = {                                           │ │
│ │                              │   'columns': None,                        │ │
│ │                              │   'invalid': 'exception',                 │ │
│ │                              │   'verify': 'ignore',                     │ │
│ │                              │   'chunk_size': 256,                      │ │
│ │                              │   'table_number': None,                   │ │
│ │                              │   'filename': None,                       │ │
│ │                              │   'unit_format': None,                    │ │
│ │                              │   'datatype_mapping': {},                 │ │
│ │                              │   '_current_table_number': 0              │ │
│ │                              }                                           │ │
│ │           datatype_mapping = {}                                          │ │
│ │                   filename = None                                        │ │
│ │                    invalid = 'exception'                                 │ │
│ │                   iterator = <astropy.utils.xml._iterparser.IterParser   │ │
│ │                              object at 0x14922a17bd80>                   │ │
│ │                     source = functools.partial(<bound method             │ │
│ │                              HTTPResponse.read of                        │ │
│ │                              <urllib3.response.HTTPResponse object at    │ │
│ │                              0x1491efce71f0>>, decode_content=True)      │ │
│ │                   table_id = None                                        │ │
│ │               table_number = None                                        │ │
│ │                unit_format = None                                        │ │
│ │                     verify = 'ignore'                                    │ │
│ │             VERIFY_OPTIONS = ['ignore', 'warn', 'exception']             │ │
│ ╰──────────────────────────────────────────────────────────────────────────╯ │
│                                                                              │
│ /projectnb/mesaelm/arseneau/.conda/envs/structure/lib/python3.13/site-packag │
│ es/astropy/io/votable/tree.py:4275 in parse                                  │
│                                                                              │
│   4272 │   │   │   │   │                                                     │
│   4273 │   │   │   │   │   break                                             │
│   4274 │   │   │   │   else:                                                 │
│ ❱ 4275 │   │   │   │   │   vo_raise(E19, (), config, pos)                    │
│   4276 │   │   config.update(self._get_version_checks())                     │
│   4277 │   │                                                                 │
│   4278 │   │   tag_mapping = {                                               │
│                                                                              │
│ ╭───────────────────────────────── locals ─────────────────────────────────╮ │
│ │   config = {                                                             │ │
│ │            │   'columns': None,                                          │ │
│ │            │   'invalid': 'exception',                                   │ │
│ │            │   'verify': 'ignore',                                       │ │
│ │            │   'chunk_size': 256,                                        │ │
│ │            │   'table_number': None,                                     │ │
│ │            │   'filename': None,                                         │ │
│ │            │   'unit_format': None,                                      │ │
│ │            │   'datatype_mapping': {},                                   │ │
│ │            │   '_current_table_number': 0                                │ │
│ │            }                                                             │ │
│ │     data = {}                                                            │ │
│ │ iterator = <astropy.utils.xml._iterparser.IterParser object at           │ │
│ │            0x14922a17bd80>                                               │ │
│ │      pos = (1, 0)                                                        │ │
│ │     self = <VOTABLE>... 0 tables ...</VOTABLE>                           │ │
│ │    start = True                                                          │ │
│ │      tag = 'html'                                                        │ │
│ ╰──────────────────────────────────────────────────────────────────────────╯ │
│                                                                              │
│ /projectnb/mesaelm/arseneau/.conda/envs/structure/lib/python3.13/site-packag │
│ es/astropy/io/votable/exceptions.py:124 in vo_raise                          │
│                                                                              │
│    121 │   """                                                               │
│    122 │   if config is None:                                                │
│    123 │   │   config = {}                                                   │
│ ❱  124 │   raise exception_class(args, config, pos)                          │
│    125                                                                       │
│    126                                                                       │
│    127 def vo_reraise(exc, config=None, pos=None, additional=""):            │
│                                                                              │
│ ╭──────────────── locals ─────────────────╮                                  │
│ │   args = ()                             │                                  │
│ │ config = {                              │                                  │
│ │          │   'columns': None,           │                                  │
│ │          │   'invalid': 'exception',    │                                  │
│ │          │   'verify': 'ignore',        │                                  │
│ │          │   'chunk_size': 256,         │                                  │
│ │          │   'table_number': None,      │                                  │
│ │          │   'filename': None,          │                                  │
│ │          │   'unit_format': None,       │                                  │
│ │          │   'datatype_mapping': {},    │                                  │
│ │          │   '_current_table_number': 0 │                                  │
│ │          }                              │                                  │
│ │    pos = (1, 0)                         │                                  │
│ ╰─────────────────────────────────────────╯                                  │
╰──────────────────────────────────────────────────────────────────────────────╯
E19: None:1:0: E19: File does not appear to be a VOTABLE

During handling of the above exception, another exception occurred:

╭───────────────────── Traceback (most recent call last) ──────────────────────╮
│ /projectnb/mesaelm/arseneau/.conda/envs/structure/lib/python3.13/site-packag │
│ es/ember/ember.py:183 in fitsed                                              │
│                                                                              │
│   180 │   gravz: str = typer.Option("", "--gravz", help="Column name for gra │
│   181 │   gravz_error: str = typer.Option("", "--gravz-error", help="Column  │
│   182 ):                                                                     │
│ ❱ 183 │   run_fitsed(                                                        │
│   184 │   │   inpath = inpath,                                               │
│   185 │   │   outpath = outpath,                                             │
│   186 │   │   rootpath = rootpath,                                           │
│                                                                              │
│ ╭───────────────────────────────── locals ─────────────────────────────────╮ │
│ │            dec = 'DE_ICRS'                                               │ │
│ │           gaia = False                                                   │ │
│ │          gravz = ''                                                      │ │
│ │    gravz_error = ''                                                      │ │
│ │         inpath = PosixPath('/project/mesaelm/omnidwarf/GaiaDR3_white_dw… │ │
│ │          jplus = False                                                   │ │
│ │           mcmc = True                                                    │ │
│ │         meanav = 'meanAV'                                                │ │
│ │       numtasks = 256                                                     │ │
│ │        outpath = PosixPath('/project/mesaelm/omnidwarf/chains')          │ │
│ │      panstarrs = False                                                   │ │
│ │       parallax = 'PlxZPCorr'                                             │ │
│ │ parallax_error = 'e_Plx'                                                 │ │
│ │             ra = 'RA_ICRS'                                               │ │
│ │       rootpath = PosixPath('~/observational/grav-z/gravz-hlayer')        │ │
│ │           sdss = False                                                   │ │
│ │      source_id = 'GaiaEDR3'                                              │ │
│ │      synthetic = True                                                    │ │
│ │        xpphoto = True                                                    │ │
│ ╰──────────────────────────────────────────────────────────────────────────╯ │
│                                                                              │
│ /projectnb/mesaelm/arseneau/.conda/envs/structure/lib/python3.13/site-packag │
│ es/ember/fitsed.py:105 in run_fitsed                                         │
│                                                                              │
│   102 │                                                                      │
│   103 │   fittype = 'mcmc' if mcmc else 'leastsq'                            │
│   104 │   print(fittype)                                                     │
│ ❱ 105 │   fluxdf_sdss, results_sdss = fitting.pipeline(                      │
│   106 │   │   df_segment,                                                    │
│   107 │   │   selected_systems,                                              │
│   108 │   │   photofunc,                                                     │
│                                                                              │
│ ╭───────────────────────────────── locals ─────────────────────────────────╮ │
│ │   bands_selected = {                                                     │ │
│ │                    │   'gaia': False,                                    │ │
│ │                    │   'sdss': False,                                    │ │
│ │                    │   'jplus': False,                                   │ │
│ │                    │   'synthetic': True,                                │ │
│ │                    │   'panstarrs': False                                │ │
│ │                    }                                                     │ │
│ │              dec = 'DE_ICRS'                                             │ │
│ │       df_segment = │   │     recno                    WDJname  ...       │ │
│ │                    _DE.icrs  PlxZPCorr                                   │ │
│ │                    1010212  595698  b'WDJ165352.51-314124.65'  ...       │ │
│ │                    -31.690182   1.696380                                 │ │
│ │                    1010213  595699  b'WDJ165352.53+134154.41'  ...       │ │
│ │                    13.698447   2.901223                                  │ │
│ │                    1010214  595700  b'WDJ165352.54+001802.08'  ...       │ │
│ │                    0.300579   2.020149                                   │ │
│ │                    1010215  595701  b'WDJ165352.54-241534.76'  ...       │ │
│ │                    -24.259656   1.928292                                 │ │
│ │                    1010216  595702  b'WDJ165352.54-520839.57'  ...       │ │
│ │                    -52.144325   2.347500                                 │ │
│ │                    ...         ...                        ...  ...       │ │
│ │                    ...        ...                                        │ │
│ │                    1015208  600694  b'WDJ165549.57-540525.06'  ...       │ │
│ │                    -54.090293   1.877790                                 │ │
│ │                    1015209  600695  b'WDJ165549.61-450158.64'  ...       │ │
│ │                    -45.032956   4.676097                                 │ │
│ │                    1015210  600696  b'WDJ165549.66+360155.27'  ...       │ │
│ │                    36.032019   1.365306                                  │ │
│ │                    1015211  600697  b'WDJ165549.68-034706.80'  ...       │ │
│ │                    -3.785222   4.497390                                  │ │
│ │                    1015212  600698  b'WDJ165549.70-291859.94'  ...       │ │
│ │                    -29.316651   1.261230                                 │ │
│ │                                                                          │ │
│ │                    [5001 rows x 159 columns]                             │ │
│ │          fittype = 'mcmc'                                                │ │
│ │             gaia = False                                                 │ │
│ │            gravz = ''                                                    │ │
│ │      gravz_error = ''                                                    │ │
│ │           inpath = PosixPath('/project/mesaelm/omnidwarf/GaiaDR3_white_… │ │
│ │            jplus = False                                                 │ │
│ │    logg_function = <scipy.interpolate._interpnd.LinearNDInterpolator     │ │
│ │                    object at 0x14922a1fc910>                             │ │
│ │             mcmc = True                                                  │ │
│ │           meanav = 'meanAV'                                              │ │
│ │            names = array([], dtype=int64)                                │ │
│ │         numtasks = 256                                                   │ │
│ │          outpath = PosixPath('/project/mesaelm/omnidwarf/chains')        │ │
│ │        panstarrs = False                                                 │ │
│ │         parallax = 'PlxZPCorr'                                           │ │
│ │   parallax_error = 'e_Plx'                                               │ │
│ │         prev_len = 1280266                                               │ │
│ │               ra = 'RA_ICRS'                                             │ │
│ │         rootpath = PosixPath('/usr3/graduate/arseneau/observational/gra… │ │
│ │             sdss = False                                                 │ │
│ │       sdssv_data = │   │     recno                    WDJname  ...       │ │
│ │                    _DE.icrs  PlxZPCorr                                   │ │
│ │                    0        865752  b'WDJ182546.09-280504.62'  ...       │ │
│ │                    -28.084617   1.684812                                 │ │
│ │                    1        865753  b'WDJ182546.13+185230.81'  ...       │ │
│ │                    18.875226   1.205691                                  │ │
│ │                    2        865754  b'WDJ182546.14-640708.50'  ...       │ │
│ │                    -64.119027   1.453737                                 │ │
│ │                    3        865755  b'WDJ182546.19-334714.74'  ...       │ │
│ │                    -33.787427   2.209222                                 │ │
│ │                    4        865756  b'WDJ182546.20-364811.14'  ...       │ │
│ │                    -36.803094   2.377258                                 │ │
│ │                    ...         ...                        ...  ...       │ │
│ │                    ...        ...                                        │ │
│ │                    1280261  865747  b'WDJ182545.98-043204.08'  ...       │ │
│ │                    -4.534469   4.742875                                  │ │
│ │                    1280262  865748  b'WDJ182546.05+095142.36'  ...       │ │
│ │                    9.861766   3.219400                                   │ │
│ │                    1280263  865749  b'WDJ182546.06-605125.07'  ...       │ │
│ │                    -60.856963   1.583359                                 │ │
│ │                    1280264  865750  b'WDJ182546.07-242642.05'  ...       │ │
│ │                    -24.445014   1.235148                                 │ │
│ │                    1280265  865751  b'WDJ182546.08+104205.38'  ...       │ │
│ │                    10.701495   1.239633                                  │ │
│ │                                                                          │ │
│ │                    [1280266 rows x 159 columns]                          │ │
│ │ selected_systems = ['synthetic']                                         │ │
│ │        source_id = 'GaiaEDR3'                                            │ │
│ │        synthetic = True                                                  │ │
│ │          xpphoto = True                                                  │ │
│ ╰──────────────────────────────────────────────────────────────────────────╯ │
│                                                                              │
│ /projectnb/mesaelm/arseneau/.conda/envs/structure/lib/python3.13/site-packag │
│ es/ember/mcmc/fitting.py:155 in pipeline                                     │
│                                                                              │
│   152 │                                                                      │
│   153 │   use_gravz = True if (gravz is not None) and (gravz_error is not No │
│   154 │   fkws = {'systems' : systems, 'use_gravz' : use_gravz}              │
│ ❱ 155 │   synphot, fluxdict = _process_in_chunks(df, photometry_func, chunk_ │
│   156 │   │   │   │   │   │   │   │   │   │      functionkws = fkws)         │
│   157 │                                                                      │
│   158 │   interp, _ = util.make_interpolator(util.convert_names(list(fluxdic │
│                                                                              │
│ ╭───────────────────────────────── locals ─────────────────────────────────╮ │
│ │            dec = 'DE_ICRS'                                               │ │
│ │             df = │   │     gaia_dr3_source_id          ra  ...           │ │
│ │                  parallax_error  meanAV                                  │ │
│ │                  1010212  6027716571088547200  253.468750  ...           │ │
│ │                  0.7760    0.54                                          │ │
│ │                  1010213  4449453043389421696  253.468808  ...           │ │
│ │                  0.3773    0.15                                          │ │
│ │                  1010214  4384265953917155712  253.468877  ...           │ │
│ │                  0.5894    0.46                                          │ │
│ │                  1010215  4125332756583442816  253.468881  ...           │ │
│ │                  0.9190    0.95                                          │ │
│ │                  1010216  5936220470518781056  253.468883  ...           │ │
│ │                  0.8616    0.56                                          │ │
│ │                  ...                      ...         ...  ...           │ │
│ │                  ...     ...                                             │ │
│ │                  1015208  5929802380568610432  253.956504  ...           │ │
│ │                  0.7590    0.51                                          │ │
│ │                  1015209  5964116450515688064  253.956274  ...           │ │
│ │                  0.1251    0.29                                          │ │
│ │                  1015210  1339095829944837760  253.956916  ...           │ │
│ │                  0.3427    0.09                                          │ │
│ │                  1015211  4377656587660068480  253.956931  ...           │ │
│ │                  1.3966    0.65                                          │ │
│ │                  1015212  6029709229769368576  253.957075  ...           │ │
│ │                  0.9859    0.51                                          │ │
│ │                                                                          │ │
│ │                  [5001 rows x 6 columns]                                 │ │
│ │           fkws = {'systems': ['synthetic'], 'use_gravz': False}          │ │
│ │          gravz = None                                                    │ │
│ │    gravz_error = None                                                    │ │
│ │  logg_function = <scipy.interpolate._interpnd.LinearNDInterpolator       │ │
│ │                  object at 0x14922a1fc910>                               │ │
│ │         meanAV = 'meanAV'                                                │ │
│ │           mode = 'mcmc'                                                  │ │
│ │        outfile = PosixPath('/project/mesaelm/omnidwarf/chains')          │ │
│ │       parallax = 'PlxZPCorr'                                             │ │
│ │ parallax_error = 'e_Plx'                                                 │ │
│ │             ra = 'RA_ICRS'                                               │ │
│ │      source_id = 'GaiaEDR3'                                              │ │
│ │        systems = ['synthetic']                                           │ │
│ │      use_gravz = False                                                   │ │
│ ╰──────────────────────────────────────────────────────────────────────────╯ │
│                                                                              │
│ /projectnb/mesaelm/arseneau/.conda/envs/structure/lib/python3.13/site-packag │
│ es/ember/mcmc/fitting.py:117 in _process_in_chunks                           │
│                                                                              │
│   114 │   │   for start in range(0, n, chunk_size):                          │
│   115 │   │   │   stop = min(start + chunk_size, n)                          │
│   116 │   │   │   chunk = df.iloc[start:stop]                                │
│ ❱ 117 │   │   │   synphot, fluxdict = function(chunk, **functionkws)         │
│   118 │   │   │   all_synphot.append(synphot)                                │
│   119 │   │   │   all_fluxdict.append(fluxdict)                              │
│   120 │   return pd.concat(all_synphot), all_fluxdict[0]                     │
│                                                                              │
│ ╭───────────────────────────────── locals ─────────────────────────────────╮ │
│ │ all_fluxdict = []                                                        │ │
│ │  all_synphot = []                                                        │ │
│ │        chunk = │   │     gaia_dr3_source_id          ra  ...             │ │
│ │                parallax_error  meanAV                                    │ │
│ │                1010212  6027716571088547200  253.468750  ...             │ │
│ │                0.7760    0.54                                            │ │
│ │                1010213  4449453043389421696  253.468808  ...             │ │
│ │                0.3773    0.15                                            │ │
│ │                1010214  4384265953917155712  253.468877  ...             │ │
│ │                0.5894    0.46                                            │ │
│ │                1010215  4125332756583442816  253.468881  ...             │ │
│ │                0.9190    0.95                                            │ │
│ │                1010216  5936220470518781056  253.468883  ...             │ │
│ │                0.8616    0.56                                            │ │
│ │                ...                      ...         ...  ...             │ │
│ │                ...     ...                                               │ │
│ │                1015207  4125448308383491968  253.956527  ...             │ │
│ │                0.7029    0.94                                            │ │
│ │                1015208  5929802380568610432  253.956504  ...             │ │
│ │                0.7590    0.51                                            │ │
│ │                1015209  5964116450515688064  253.956274  ...             │ │
│ │                0.1251    0.29                                            │ │
│ │                1015210  1339095829944837760  253.956916  ...             │ │
│ │                0.3427    0.09                                            │ │
│ │                1015211  4377656587660068480  253.956931  ...             │ │
│ │                1.3966    0.65                                            │ │
│ │                                                                          │ │
│ │                [5000 rows x 6 columns]                                   │ │
│ │   chunk_size = 5000                                                      │ │
│ │           df = │   │     gaia_dr3_source_id          ra  ...             │ │
│ │                parallax_error  meanAV                                    │ │
│ │                1010212  6027716571088547200  253.468750  ...             │ │
│ │                0.7760    0.54                                            │ │
│ │                1010213  4449453043389421696  253.468808  ...             │ │
│ │                0.3773    0.15                                            │ │
│ │                1010214  4384265953917155712  253.468877  ...             │ │
│ │                0.5894    0.46                                            │ │
│ │                1010215  4125332756583442816  253.468881  ...             │ │
│ │                0.9190    0.95                                            │ │
│ │                1010216  5936220470518781056  253.468883  ...             │ │
│ │                0.8616    0.56                                            │ │
│ │                ...                      ...         ...  ...             │ │
│ │                ...     ...                                               │ │
│ │                1015208  5929802380568610432  253.956504  ...             │ │
│ │                0.7590    0.51                                            │ │
│ │                1015209  5964116450515688064  253.956274  ...             │ │
│ │                0.1251    0.29                                            │ │
│ │                1015210  1339095829944837760  253.956916  ...             │ │
│ │                0.3427    0.09                                            │ │
│ │                1015211  4377656587660068480  253.956931  ...             │ │
│ │                1.3966    0.65                                            │ │
│ │                1015212  6029709229769368576  253.957075  ...             │ │
│ │                0.9859    0.51                                            │ │
│ │                                                                          │ │
│ │                [5001 rows x 6 columns]                                   │ │
│ │  functionkws = {'systems': ['synthetic'], 'use_gravz': False}            │ │
│ │            n = 5001                                                      │ │
│ │        start = 0                                                         │ │
│ │         stop = 5000                                                      │ │
│ ╰──────────────────────────────────────────────────────────────────────────╯ │
│                                                                              │
│ /projectnb/mesaelm/arseneau/.conda/envs/structure/lib/python3.13/site-packag │
│ es/ember/mcmc/xpspec.py:113 in process_dataframe                             │
│                                                                              │
│   110 │   df = util.check_valid(df, use_gravz)                               │
│   111 │   # fetch xp photometry                                              │
│   112 │   source_ids = df['gaia_dr3_source_id'].values.astype(int).tolist()  │
│ ❱ 113 │   synphot, _, _ = _make_xpphotometry(source_ids, systems=phot_system │
│   114 │   # fix the Gaia photometry                                          │
│   115 │   #synphot = _convert_gaia_flux(synphot) if 'gaia' in systems else _ │
│   116 │   flux_dict = util.find_photocols(synphot)                           │
│                                                                              │
│ ╭───────────────────────────────── locals ─────────────────────────────────╮ │
│ │              df = │   │     gaia_dr3_source_id          ra  ...          │ │
│ │                   parallax_error  meanAV                                 │ │
│ │                   1010212  6027716571088547200  253.468750  ...          │ │
│ │                   0.7760    0.54                                         │ │
│ │                   1010213  4449453043389421696  253.468808  ...          │ │
│ │                   0.3773    0.15                                         │ │
│ │                   1010214  4384265953917155712  253.468877  ...          │ │
│ │                   0.5894    0.46                                         │ │
│ │                   1010215  4125332756583442816  253.468881  ...          │ │
│ │                   0.9190    0.95                                         │ │
│ │                   1010216  5936220470518781056  253.468883  ...          │ │
│ │                   0.8616    0.56                                         │ │
│ │                   ...                      ...         ...  ...          │ │
│ │                   ...     ...                                            │ │
│ │                   1015207  4125448308383491968  253.956527  ...          │ │
│ │                   0.7029    0.94                                         │ │
│ │                   1015208  5929802380568610432  253.956504  ...          │ │
│ │                   0.7590    0.51                                         │ │
│ │                   1015209  5964116450515688064  253.956274  ...          │ │
│ │                   0.1251    0.29                                         │ │
│ │                   1015210  1339095829944837760  253.956916  ...          │ │
│ │                   0.3427    0.09                                         │ │
│ │                   1015211  4377656587660068480  253.956931  ...          │ │
│ │                   1.3966    0.65                                         │ │
│ │                                                                          │ │
│ │                   [5000 rows x 6 columns]                                │ │
│ │              ff = {                                                      │ │
│ │                   │   'Gaia_G': <interpolator.atmos.sed.Filter object at │ │
│ │                   0x149230638980>,                                       │ │
│ │                   │   'Gaia_BP': <interpolator.atmos.sed.Filter object   │ │
│ │                   at 0x14922a175d10>,                                    │ │
│ │                   │   'Gaia_RP': <interpolator.atmos.sed.Filter object   │ │
│ │                   at 0x14922a176350>,                                    │ │
│ │                   │   'SDSS_u': <interpolator.atmos.sed.Filter object at │ │
│ │                   0x14922a149e00>,                                       │ │
│ │                   │   'SDSS_g': <interpolator.atmos.sed.Filter object at │ │
│ │                   0x14922a14a060>,                                       │ │
│ │                   │   'SDSS_r': <interpolator.atmos.sed.Filter object at │ │
│ │                   0x1491e0b905f0>,                                       │ │
│ │                   │   'SDSS_i': <interpolator.atmos.sed.Filter object at │ │
│ │                   0x14922a14f130>,                                       │ │
│ │                   │   'SDSS_z': <interpolator.atmos.sed.Filter object at │ │
│ │                   0x14922a14fbd0>,                                       │ │
│ │                   │   'PS1_g': <interpolator.atmos.sed.Filter object at  │ │
│ │                   0x1492266b7950>,                                       │ │
│ │                   │   'PS1_r': <interpolator.atmos.sed.Filter object at  │ │
│ │                   0x1492266b6e50>,                                       │ │
│ │                   │   ... +46                                            │ │
│ │                   }                                                      │ │
│ │     phot_system = array(['SYNTH_1', 'SYNTH_2', 'SYNTH_3', 'SYNTH_4',     │ │
│ │                   'SYNTH_5', 'SYNTH_6',                                  │ │
│ │                   │      'SYNTH_7', 'SYNTH_8', 'SYNTH_9', 'SYNTH_10',    │ │
│ │                   'SYNTH_11',                                            │ │
│ │                   │      'SYNTH_12', 'SYNTH_13', 'SYNTH_14', 'SYNTH_15', │ │
│ │                   'SYNTH_16',                                            │ │
│ │                   │      'SYNTH_17', 'SYNTH_18', 'SYNTH_19', 'SYNTH_20', │ │
│ │                   'SYNTH_21',                                            │ │
│ │                   │      'SYNTH_22', 'SYNTH_23', 'SYNTH_24'],            │ │
│ │                   dtype='<U8')                                           │ │
│ │ photometry_dict = {                                                      │ │
│ │                   │   'gaia': ['Gaia_G', 'Gaia_BP', 'Gaia_RP'],          │ │
│ │                   │   'sdss': [                                          │ │
│ │                   │   │   'SDSS_u',                                      │ │
│ │                   │   │   'SDSS_g',                                      │ │
│ │                   │   │   'SDSS_r',                                      │ │
│ │                   │   │   'SDSS_i',                                      │ │
│ │                   │   │   'SDSS_z'                                       │ │
│ │                   │   ],                                                 │ │
│ │                   │   'panstarrs': [                                     │ │
│ │                   │   │   'PS1_g',                                       │ │
│ │                   │   │   'PS1_r',                                       │ │
│ │                   │   │   'PS1_i',                                       │ │
│ │                   │   │   'PS1_z',                                       │ │
│ │                   │   │   'PS1_y'                                        │ │
│ │                   │   ],                                                 │ │
│ │                   │   'jplus': [                                         │ │
│ │                   │   │   'JPLUS_J0378',                                 │ │
│ │                   │   │   'JPLUS_J0395',                                 │ │
│ │                   │   │   'JPLUS_J0410',                                 │ │
│ │                   │   │   'JPLUS_J0430',                                 │ │
│ │                   │   │   'JPLUS_J0515',                                 │ │
│ │                   │   │   'JPLUS_J0660',                                 │ │
│ │                   │   │   'JPLUS_J0861'                                  │ │
│ │                   │   ],                                                 │ │
│ │                   │   'synthetic': [                                     │ │
│ │                   │   │   'SYNTH_1',                                     │ │
│ │                   │   │   'SYNTH_2',                                     │ │
│ │                   │   │   'SYNTH_3',                                     │ │
│ │                   │   │   'SYNTH_4',                                     │ │
│ │                   │   │   'SYNTH_5',                                     │ │
│ │                   │   │   'SYNTH_6',                                     │ │
│ │                   │   │   'SYNTH_7',                                     │ │
│ │                   │   │   'SYNTH_8',                                     │ │
│ │                   │   │   'SYNTH_9',                                     │ │
│ │                   │   │   'SYNTH_10',                                    │ │
│ │                   │   │   ... +14                                        │ │
│ │                   │   ]                                                  │ │
│ │                   }                                                      │ │
│ │      source_ids = [                                                      │ │
│ │                   │   6027716571088547200,                               │ │
│ │                   │   4449453043389421696,                               │ │
│ │                   │   4384265953917155712,                               │ │
│ │                   │   4125332756583442816,                               │ │
│ │                   │   5936220470518781056,                               │ │
│ │                   │   5807633307113884672,                               │ │
│ │                   │   5814654754012912896,                               │ │
│ │                   │   6034498148327180800,                               │ │
│ │                   │   6034499316564161920,                               │ │
│ │                   │   5915442689972679808,                               │ │
│ │                   │   ... +4990                                          │ │
│ │                   ]                                                      │ │
│ │         systems = ['synthetic']                                          │ │
│ │       use_gravz = False                                                  │ │
│ ╰──────────────────────────────────────────────────────────────────────────╯ │
│                                                                              │
│ /projectnb/mesaelm/arseneau/.conda/envs/structure/lib/python3.13/site-packag │
│ es/ember/mcmc/xpspec.py:27 in _make_xpphotometry                             │
│                                                                              │
│    24 │   QUERY = f"""select GaiaEDR3 as source_id, GmagCorr                 │
│    25 │   │   │   from \"J/MNRAS/508/3877/maincat\"                          │
│    26 │   │   │   where GaiaEDR3 in {tuple(source_ids)}"""                   │
│ ❱  27 │   ngfdata = tap_service.search(QUERY).to_table().to_pandas()         │
│    28 │   _, sed = util.make_interpolator(systems, units='fnu')              │
│    29 │                                                                      │
│    30 │   original, sampling = calibrate(source_ids, save_file=False, trunca │
│                                                                              │
│ ╭───────────────────────────────── locals ─────────────────────────────────╮ │
│ │       QUERY = 'select GaiaEDR3 as source_id, GmagCorr\n            from  │ │
│ │               "J/MNRAS/508/3877/mainca'+105033                           │ │
│ │  source_ids = [                                                          │ │
│ │               │   6027716571088547200,                                   │ │
│ │               │   4449453043389421696,                                   │ │
│ │               │   4384265953917155712,                                   │ │
│ │               │   4125332756583442816,                                   │ │
│ │               │   5936220470518781056,                                   │ │
│ │               │   5807633307113884672,                                   │ │
│ │               │   5814654754012912896,                                   │ │
│ │               │   6034498148327180800,                                   │ │
│ │               │   6034499316564161920,                                   │ │
│ │               │   5915442689972679808,                                   │ │
│ │               │   ... +4990                                              │ │
│ │               ]                                                          │ │
│ │     systems = array(['SYNTH_1', 'SYNTH_2', 'SYNTH_3', 'SYNTH_4',         │ │
│ │               'SYNTH_5', 'SYNTH_6',                                      │ │
│ │               │      'SYNTH_7', 'SYNTH_8', 'SYNTH_9', 'SYNTH_10',        │ │
│ │               'SYNTH_11',                                                │ │
│ │               │      'SYNTH_12', 'SYNTH_13', 'SYNTH_14', 'SYNTH_15',     │ │
│ │               'SYNTH_16',                                                │ │
│ │               │      'SYNTH_17', 'SYNTH_18', 'SYNTH_19', 'SYNTH_20',     │ │
│ │               'SYNTH_21',                                                │ │
│ │               │      'SYNTH_22', 'SYNTH_23', 'SYNTH_24'], dtype='<U8')   │ │
│ │ tap_service = TAPService(baseurl :                                       │ │
│ │               'http://TAPVizieR.u-strasbg.fr/TAPVizieR/tap/',            │ │
│ │               description : 'None')                                      │ │
│ ╰──────────────────────────────────────────────────────────────────────────╯ │
│                                                                              │
│ /projectnb/mesaelm/arseneau/.conda/envs/structure/lib/python3.13/site-packag │
│ es/pyvo/dal/tap.py:282 in run_sync                                           │
│                                                                              │
│    279 │   │   """                                                           │
│    280 │   │   return self.create_query(                                     │
│    281 │   │   │   query, language=language, maxrec=maxrec, uploads=uploads, │
│ ❱  282 │   │   │   **keywords).execute()                                     │
│    283 │                                                                     │
│    284 │   # alias for service discovery                                     │
│    285 │   search = run_sync                                                 │
│                                                                              │
│ ╭───────────────────────────────── locals ─────────────────────────────────╮ │
│ │ keywords = {}                                                            │ │
│ │ language = 'ADQL'                                                        │ │
│ │   maxrec = None                                                          │ │
│ │    query = 'select GaiaEDR3 as source_id, GmagCorr\n            from     │ │
│ │            "J/MNRAS/508/3877/mainca'+105033                              │ │
│ │     self = TAPService(baseurl :                                          │ │
│ │            'http://TAPVizieR.u-strasbg.fr/TAPVizieR/tap/', description : │ │
│ │            'None')                                                       │ │
│ │  uploads = None                                                          │ │
│ ╰──────────────────────────────────────────────────────────────────────────╯ │
│                                                                              │
│ /projectnb/mesaelm/arseneau/.conda/envs/structure/lib/python3.13/site-packag │
│ es/pyvo/dal/tap.py:1121 in execute                                           │
│                                                                              │
│   1118 │   │   DALFormatError                                                │
│   1119 │   │      for errors parsing the VOTable response                    │
│   1120 │   │   """                                                           │
│ ❱ 1121 │   │   return TAPResults(self.execute_votable(), url=self.queryurl,  │
│   1122 │                                                                     │
│   1123 │   def submit(self, *, post=False):                                  │
│   1124 │   │   """                                                           │
│                                                                              │
│ ╭───────────────────────────────── locals ─────────────────────────────────╮ │
│ │ self = {                                                                 │ │
│ │        │   'REQUEST': 'doQuery',                                         │ │
│ │        │   'LANG': 'ADQL',                                               │ │
│ │        │   'QUERY': 'select GaiaEDR3 as source_id, GmagCorr\n            │ │
│ │        from "J/MNRAS/508/3877/mainca'+105033                             │ │
│ │        }                                                                 │ │
│ ╰──────────────────────────────────────────────────────────────────────────╯ │
│                                                                              │
│ /projectnb/mesaelm/arseneau/.conda/envs/structure/lib/python3.13/site-packag │
│ es/pyvo/dal/query.py:262 in execute_votable                                  │
│                                                                              │
│    259 │   │   try:                                                          │
│    260 │   │   │   return votableparse(self.execute_stream(post=post).read)  │
│    261 │   │   except Exception as e:                                        │
│ ❱  262 │   │   │   self.raise_if_error()                                     │
│    263 │   │   │   raise DALFormatError(e, self.queryurl)                    │
│    264 │                                                                     │
│    265 │   def raise_if_error(self):                                         │
│                                                                              │
│ ╭───────────────────────────────── locals ─────────────────────────────────╮ │
│ │ post = False                                                             │ │
│ │ self = {                                                                 │ │
│ │        │   'REQUEST': 'doQuery',                                         │ │
│ │        │   'LANG': 'ADQL',                                               │ │
│ │        │   'QUERY': 'select GaiaEDR3 as source_id, GmagCorr\n            │ │
│ │        from "J/MNRAS/508/3877/mainca'+105033                             │ │
│ │        }                                                                 │ │
│ ╰──────────────────────────────────────────────────────────────────────────╯ │
│                                                                              │
│ /projectnb/mesaelm/arseneau/.conda/envs/structure/lib/python3.13/site-packag │
│ es/pyvo/dal/query.py:271 in raise_if_error                                   │
│                                                                              │
│    268 │   │   """                                                           │
│    269 │   │   if self._ex:                                                  │
│    270 │   │   │   e = self._ex                                              │
│ ❱  271 │   │   │   raise DALServiceError.from_except(e, self.queryurl)       │
│    272 │                                                                     │
│    273 │   @property                                                         │
│    274 │   def queryurl(self):                                               │
│                                                                              │
│ ╭───────────────────────────────── locals ─────────────────────────────────╮ │
│ │    e = HTTPError('504 Server Error: Gateway Time-out for url:            │ │
│ │        http://tapvizier.u-strasbg.fr/TAPVizieR/tap//sync')               │ │
│ │ self = {                                                                 │ │
│ │        │   'REQUEST': 'doQuery',                                         │ │
│ │        │   'LANG': 'ADQL',                                               │ │
│ │        │   'QUERY': 'select GaiaEDR3 as source_id, GmagCorr\n            │ │
│ │        from "J/MNRAS/508/3877/mainca'+105033                             │ │
│ │        }                                                                 │ │
│ ╰──────────────────────────────────────────────────────────────────────────╯ │
╰──────────────────────────────────────────────────────────────────────────────╯
DALServiceError: 504 Server Error: Gateway Time-out for url: 
http://tapvizier.u-strasbg.fr/TAPVizieR/tap//sync
